
  .   ____          _            __ _ _
 /\\ / ___'_ __ _ _(_)_ __  __ _ \ \ \ \
( ( )\___ | '_ | '_| | '_ \/ _` | \ \ \ \
 \\/  ___)| |_)| | | | | || (_| |  ) ) ) )
  '  |____| .__|_| |_|_| |_\__, | / / / /
 =========|_|==============|___/=/_/_/_/
 :: Spring Boot ::                (v3.2.1)

2025-12-28T01:00:21.134+05:30  INFO 5196 --- [zavx-ems] [           main] .z.e.EmployeeManagementSystemApplication : Starting EmployeeManagementSystemApplication using Java 17.0.12 with PID 5196 (D:\Employee\target\employee-management-system-0.0.1-SNAPSHOT.jar started by jeffry in D:\Employee)
2025-12-28T01:00:21.155+05:30  INFO 5196 --- [zavx-ems] [           main] .z.e.EmployeeManagementSystemApplication : No active profile set, falling back to 1 default profile: "default"
2025-12-28T01:00:22.400+05:30  INFO 5196 --- [zavx-ems] [           main] .s.d.r.c.RepositoryConfigurationDelegate : Bootstrapping Spring Data JPA repositories in DEFAULT mode.
2025-12-28T01:00:22.520+05:30  INFO 5196 --- [zavx-ems] [           main] .s.d.r.c.RepositoryConfigurationDelegate : Finished Spring Data repository scanning in 108 ms. Found 3 JPA repository interfaces.
2025-12-28T01:00:23.432+05:30  INFO 5196 --- [zavx-ems] [           main] o.s.b.w.embedded.tomcat.TomcatWebServer  : Tomcat initialized with port 8080 (http)
2025-12-28T01:00:23.448+05:30  INFO 5196 --- [zavx-ems] [           main] o.apache.catalina.core.StandardService   : Starting service [Tomcat]
2025-12-28T01:00:23.448+05:30  INFO 5196 --- [zavx-ems] [           main] o.apache.catalina.core.StandardEngine    : Starting Servlet engine: [Apache Tomcat/10.1.17]
2025-12-28T01:00:23.505+05:30  INFO 5196 --- [zavx-ems] [           main] o.a.c.c.C.[Tomcat].[localhost].[/]       : Initializing Spring embedded WebApplicationContext
2025-12-28T01:00:23.507+05:30  INFO 5196 --- [zavx-ems] [           main] w.s.c.ServletWebServerApplicationContext : Root WebApplicationContext: initialization completed in 2218 ms
2025-12-28T01:00:23.544+05:30  INFO 5196 --- [zavx-ems] [           main] com.zaxxer.hikari.HikariDataSource       : HikariPool-1 - Starting...
2025-12-28T01:00:23.840+05:30  INFO 5196 --- [zavx-ems] [           main] com.zaxxer.hikari.pool.HikariPool        : HikariPool-1 - Added connection conn0: url=jdbc:h2:mem:employee_db user=SA
2025-12-28T01:00:23.843+05:30  INFO 5196 --- [zavx-ems] [           main] com.zaxxer.hikari.HikariDataSource       : HikariPool-1 - Start completed.
2025-12-28T01:00:23.858+05:30  INFO 5196 --- [zavx-ems] [           main] o.s.b.a.h2.H2ConsoleAutoConfiguration    : H2 console available at '/h2-console'. Database available at 'jdbc:h2:mem:employee_db'
2025-12-28T01:00:24.061+05:30  INFO 5196 --- [zavx-ems] [           main] o.hibernate.jpa.internal.util.LogHelper  : HHH000204: Processing PersistenceUnitInfo [name: default]
2025-12-28T01:00:24.160+05:30  INFO 5196 --- [zavx-ems] [           main] org.hibernate.Version                    : HHH000412: Hibernate ORM core version 6.4.1.Final
2025-12-28T01:00:24.204+05:30  INFO 5196 --- [zavx-ems] [           main] o.h.c.internal.RegionFactoryInitiator    : HHH000026: Second-level cache disabled
2025-12-28T01:00:24.473+05:30  INFO 5196 --- [zavx-ems] [           main] o.s.o.j.p.SpringPersistenceUnitInfo      : No LoadTimeWeaver setup: ignoring JPA class transformer
2025-12-28T01:00:24.537+05:30  WARN 5196 --- [zavx-ems] [           main] org.hibernate.orm.deprecation            : HHH90000025: H2Dialect does not need to be specified explicitly using 'hibernate.dialect' (remove the property setting and it will be selected by default)
2025-12-28T01:00:25.519+05:30  INFO 5196 --- [zavx-ems] [           main] o.h.e.t.j.p.i.JtaPlatformInitiator       : HHH000489: No JTA platform available (set 'hibernate.transaction.jta.platform' to enable JTA platform integration)
Hibernate: 
    create table employees (
        id bigint generated by default as identity,
        date_of_joining date,
        department varchar(255),
        email varchar(255) not null,
        first_name varchar(255) not null,
        last_name varchar(255) not null,
        role varchar(255) not null,
        salary float(53),
        primary key (id)
    )
Hibernate: 
    create table roles (
        id bigint generated by default as identity,
        name varchar(255) not null,
        primary key (id)
    )
Hibernate: 
    create table users (
        id bigint generated by default as identity,
        email varchar(255) not null,
        enabled boolean not null,
        one_time_password varchar(255),
        otp_requested_time bigint,
        password varchar(255) not null,
        primary key (id)
    )
Hibernate: 
    create table users_roles (
        user_id bigint not null,
        role_id bigint not null
    )
Hibernate: 
    alter table if exists employees 
       drop constraint if exists UK_j9xgmd0ya5jmus09o0b8pqrpb
Hibernate: 
    alter table if exists employees 
       add constraint UK_j9xgmd0ya5jmus09o0b8pqrpb unique (email)
Hibernate: 
    alter table if exists roles 
       drop constraint if exists UK_ofx66keruapi6vyqpv6f2or37
Hibernate: 
    alter table if exists roles 
       add constraint UK_ofx66keruapi6vyqpv6f2or37 unique (name)
Hibernate: 
    alter table if exists users 
       drop constraint if exists UK_6dotkott2kjsp8vw4d0m25fb7
Hibernate: 
    alter table if exists users 
       add constraint UK_6dotkott2kjsp8vw4d0m25fb7 unique (email)
Hibernate: 
    alter table if exists users_roles 
       add constraint FKj6m8fwv7oqv74fcehir1a9ffy 
       foreign key (role_id) 
       references roles
Hibernate: 
    alter table if exists users_roles 
       add constraint FK2o0jvgh89lemvvo17cbqvdxaa 
       foreign key (user_id) 
       references users
2025-12-28T01:00:25.590+05:30  INFO 5196 --- [zavx-ems] [           main] j.LocalContainerEntityManagerFactoryBean : Initialized JPA EntityManagerFactory for persistence unit 'default'
2025-12-28T01:00:26.272+05:30  WARN 5196 --- [zavx-ems] [           main] JpaBaseConfiguration$JpaWebConfiguration : spring.jpa.open-in-view is enabled by default. Therefore, database queries may be performed during view rendering. Explicitly configure spring.jpa.open-in-view to disable this warning
2025-12-28T01:00:26.449+05:30  INFO 5196 --- [zavx-ems] [           main] o.s.b.a.w.s.WelcomePageHandlerMapping    : Adding welcome page template: index
2025-12-28T01:00:26.776+05:30  INFO 5196 --- [zavx-ems] [           main] o.s.s.web.DefaultSecurityFilterChain     : Will secure any request with [org.springframework.security.web.session.DisableEncodeUrlFilter@2ae07dbd, org.springframework.security.web.context.request.async.WebAsyncManagerIntegrationFilter@e7ddf8d, org.springframework.security.web.context.SecurityContextHolderFilter@35d145fb, org.springframework.security.web.header.HeaderWriterFilter@3338d29d, org.springframework.web.filter.CorsFilter@47f8374, org.springframework.security.web.csrf.CsrfFilter@72851503, org.springframework.security.web.authentication.logout.LogoutFilter@26bbbe9e, org.springframework.security.oauth2.client.web.OAuth2AuthorizationRequestRedirectFilter@5b58f639, org.springframework.security.oauth2.client.web.OAuth2LoginAuthenticationFilter@34e7cde3, org.springframework.security.web.authentication.UsernamePasswordAuthenticationFilter@c5e7696, org.springframework.security.web.savedrequest.RequestCacheAwareFilter@6e757f39, org.springframework.security.web.servletapi.SecurityContextHolderAwareRequestFilter@4e312811, org.springframework.security.web.authentication.AnonymousAuthenticationFilter@22a8e87b, org.springframework.security.web.access.ExceptionTranslationFilter@2a6871ad, org.springframework.security.web.access.intercept.AuthorizationFilter@769b1d1c]
2025-12-28T01:00:27.077+05:30  INFO 5196 --- [zavx-ems] [           main] o.s.b.w.embedded.tomcat.TomcatWebServer  : Tomcat started on port 8080 (http) with context path ''
2025-12-28T01:00:27.101+05:30  INFO 5196 --- [zavx-ems] [           main] .z.e.EmployeeManagementSystemApplication : Started EmployeeManagementSystemApplication in 6.69 seconds (process running for 7.293)
Hibernate: 
    select
        r1_0.id,
        r1_0.name 
    from
        roles r1_0
Hibernate: 
    insert 
    into
        roles
        (name, id) 
    values
        (?, default)
Hibernate: 
    insert 
    into
        roles
        (name, id) 
    values
        (?, default)
Hibernate: 
    insert 
    into
        roles
        (name, id) 
    values
        (?, default)
Hibernate: 
    insert 
    into
        users
        (email, enabled, one_time_password, otp_requested_time, password, id) 
    values
        (?, ?, ?, ?, ?, default)
2025-12-28T01:00:27.421+05:30  INFO 5196 --- [zavx-ems] [           main] .s.b.a.l.ConditionEvaluationReportLogger : 

Error starting ApplicationContext. To display the condition evaluation report re-run your application with 'debug' enabled.
2025-12-28T01:00:27.444+05:30 ERROR 5196 --- [zavx-ems] [           main] o.s.boot.SpringApplication               : Application run failed

org.springframework.dao.InvalidDataAccessApiUsageException: detached entity passed to persist: com.zavx.ems.model.Role
	at org.springframework.orm.jpa.vendor.HibernateJpaDialect.convertHibernateAccessException(HibernateJpaDialect.java:310) ~[spring-orm-6.1.2.jar!/:6.1.2]
	at org.springframework.orm.jpa.vendor.HibernateJpaDialect.translateExceptionIfPossible(HibernateJpaDialect.java:244) ~[spring-orm-6.1.2.jar!/:6.1.2]
	at org.springframework.orm.jpa.AbstractEntityManagerFactoryBean.translateExceptionIfPossible(AbstractEntityManagerFactoryBean.java:550) ~[spring-orm-6.1.2.jar!/:6.1.2]
	at org.springframework.dao.support.ChainedPersistenceExceptionTranslator.translateExceptionIfPossible(ChainedPersistenceExceptionTranslator.java:61) ~[spring-tx-6.1.2.jar!/:6.1.2]
	at org.springframework.dao.support.DataAccessUtils.translateIfNecessary(DataAccessUtils.java:335) ~[spring-tx-6.1.2.jar!/:6.1.2]
	at org.springframework.dao.support.PersistenceExceptionTranslationInterceptor.invoke(PersistenceExceptionTranslationInterceptor.java:152) ~[spring-tx-6.1.2.jar!/:6.1.2]
	at org.springframework.aop.framework.ReflectiveMethodInvocation.proceed(ReflectiveMethodInvocation.java:184) ~[spring-aop-6.1.2.jar!/:6.1.2]
	at org.springframework.data.jpa.repository.support.CrudMethodMetadataPostProcessor$CrudMethodMetadataPopulatingMethodInterceptor.invoke(CrudMethodMetadataPostProcessor.java:164) ~[spring-data-jpa-3.2.1.jar!/:3.2.1]
	at org.springframework.aop.framework.ReflectiveMethodInvocation.proceed(ReflectiveMethodInvocation.java:184) ~[spring-aop-6.1.2.jar!/:6.1.2]
	at org.springframework.aop.interceptor.ExposeInvocationInterceptor.invoke(ExposeInvocationInterceptor.java:97) ~[spring-aop-6.1.2.jar!/:6.1.2]
	at org.springframework.aop.framework.ReflectiveMethodInvocation.proceed(ReflectiveMethodInvocation.java:184) ~[spring-aop-6.1.2.jar!/:6.1.2]
	at org.springframework.aop.framework.JdkDynamicAopProxy.invoke(JdkDynamicAopProxy.java:249) ~[spring-aop-6.1.2.jar!/:6.1.2]
	at jdk.proxy2/jdk.proxy2.$Proxy114.save(Unknown Source) ~[na:na]
	at com.zavx.ems.config.DataInitializer.run(DataInitializer.java:43) ~[!/:na]
	at org.springframework.boot.SpringApplication.lambda$callRunner$5(SpringApplication.java:798) ~[spring-boot-3.2.1.jar!/:3.2.1]
	at org.springframework.util.function.ThrowingConsumer$1.acceptWithException(ThrowingConsumer.java:83) ~[spring-core-6.1.2.jar!/:6.1.2]
	at org.springframework.util.function.ThrowingConsumer.accept(ThrowingConsumer.java:60) ~[spring-core-6.1.2.jar!/:6.1.2]
	at org.springframework.util.function.ThrowingConsumer$1.accept(ThrowingConsumer.java:88) ~[spring-core-6.1.2.jar!/:6.1.2]
	at org.springframework.boot.SpringApplication.callRunner(SpringApplication.java:806) ~[spring-boot-3.2.1.jar!/:3.2.1]
	at org.springframework.boot.SpringApplication.callRunner(SpringApplication.java:797) ~[spring-boot-3.2.1.jar!/:3.2.1]
	at org.springframework.boot.SpringApplication.lambda$callRunners$3(SpringApplication.java:782) ~[spring-boot-3.2.1.jar!/:3.2.1]
	at java.base/java.util.stream.ForEachOps$ForEachOp$OfRef.accept(ForEachOps.java:183) ~[na:na]
	at java.base/java.util.stream.SortedOps$SizedRefSortingSink.end(SortedOps.java:357) ~[na:na]
	at java.base/java.util.stream.AbstractPipeline.copyInto(AbstractPipeline.java:510) ~[na:na]
	at java.base/java.util.stream.AbstractPipeline.wrapAndCopyInto(AbstractPipeline.java:499) ~[na:na]
	at java.base/java.util.stream.ForEachOps$ForEachOp.evaluateSequential(ForEachOps.java:150) ~[na:na]
	at java.base/java.util.stream.ForEachOps$ForEachOp$OfRef.evaluateSequential(ForEachOps.java:173) ~[na:na]
	at java.base/java.util.stream.AbstractPipeline.evaluate(AbstractPipeline.java:234) ~[na:na]
	at java.base/java.util.stream.ReferencePipeline.forEach(ReferencePipeline.java:596) ~[na:na]
	at org.springframework.boot.SpringApplication.callRunners(SpringApplication.java:782) ~[spring-boot-3.2.1.jar!/:3.2.1]
	at org.springframework.boot.SpringApplication.run(SpringApplication.java:341) ~[spring-boot-3.2.1.jar!/:3.2.1]
	at org.springframework.boot.SpringApplication.run(SpringApplication.java:1358) ~[spring-boot-3.2.1.jar!/:3.2.1]
	at org.springframework.boot.SpringApplication.run(SpringApplication.java:1347) ~[spring-boot-3.2.1.jar!/:3.2.1]
	at com.zavx.ems.EmployeeManagementSystemApplication.main(EmployeeManagementSystemApplication.java:10) ~[!/:na]
	at java.base/jdk.internal.reflect.NativeMethodAccessorImpl.invoke0(Native Method) ~[na:na]
	at java.base/jdk.internal.reflect.NativeMethodAccessorImpl.invoke(NativeMethodAccessorImpl.java:77) ~[na:na]
	at java.base/jdk.internal.reflect.DelegatingMethodAccessorImpl.invoke(DelegatingMethodAccessorImpl.java:43) ~[na:na]
	at java.base/java.lang.reflect.Method.invoke(Method.java:568) ~[na:na]
	at org.springframework.boot.loader.launch.Launcher.launch(Launcher.java:91) ~[employee-management-system-0.0.1-SNAPSHOT.jar:0.0.1-SNAPSHOT]
	at org.springframework.boot.loader.launch.Launcher.launch(Launcher.java:53) ~[employee-management-system-0.0.1-SNAPSHOT.jar:0.0.1-SNAPSHOT]
	at org.springframework.boot.loader.launch.JarLauncher.main(JarLauncher.java:58) ~[employee-management-system-0.0.1-SNAPSHOT.jar:0.0.1-SNAPSHOT]
Caused by: org.hibernate.PersistentObjectException: detached entity passed to persist: com.zavx.ems.model.Role
	at org.hibernate.event.internal.DefaultPersistEventListener.persist(DefaultPersistEventListener.java:88) ~[hibernate-core-6.4.1.Final.jar!/:6.4.1.Final]
	at org.hibernate.event.internal.DefaultPersistEventListener.onPersist(DefaultPersistEventListener.java:77) ~[hibernate-core-6.4.1.Final.jar!/:6.4.1.Final]
	at org.hibernate.event.service.internal.EventListenerGroupImpl.fireEventOnEachListener(EventListenerGroupImpl.java:138) ~[hibernate-core-6.4.1.Final.jar!/:6.4.1.Final]
	at org.hibernate.internal.SessionImpl.firePersist(SessionImpl.java:816) ~[hibernate-core-6.4.1.Final.jar!/:6.4.1.Final]
	at org.hibernate.internal.SessionImpl.persist(SessionImpl.java:764) ~[hibernate-core-6.4.1.Final.jar!/:6.4.1.Final]
	at org.hibernate.engine.spi.CascadingActions$7.cascade(CascadingActions.java:290) ~[hibernate-core-6.4.1.Final.jar!/:6.4.1.Final]
	at org.hibernate.engine.spi.CascadingActions$7.cascade(CascadingActions.java:280) ~[hibernate-core-6.4.1.Final.jar!/:6.4.1.Final]
	at org.hibernate.engine.internal.Cascade.cascadeToOne(Cascade.java:517) ~[hibernate-core-6.4.1.Final.jar!/:6.4.1.Final]
	at org.hibernate.engine.internal.Cascade.cascadeAssociation(Cascade.java:439) ~[hibernate-core-6.4.1.Final.jar!/:6.4.1.Final]
	at org.hibernate.engine.internal.Cascade.cascadeProperty(Cascade.java:224) ~[hibernate-core-6.4.1.Final.jar!/:6.4.1.Final]
	at org.hibernate.engine.internal.Cascade.cascadeCollectionElements(Cascade.java:551) ~[hibernate-core-6.4.1.Final.jar!/:6.4.1.Final]
	at org.hibernate.engine.internal.Cascade.cascadeCollection(Cascade.java:481) ~[hibernate-core-6.4.1.Final.jar!/:6.4.1.Final]
	at org.hibernate.engine.internal.Cascade.cascadeAssociation(Cascade.java:442) ~[hibernate-core-6.4.1.Final.jar!/:6.4.1.Final]
	at org.hibernate.engine.internal.Cascade.cascadeProperty(Cascade.java:224) ~[hibernate-core-6.4.1.Final.jar!/:6.4.1.Final]
	at org.hibernate.engine.internal.Cascade.cascade(Cascade.java:157) ~[hibernate-core-6.4.1.Final.jar!/:6.4.1.Final]
	at org.hibernate.event.internal.AbstractSaveEventListener.cascadeAfterSave(AbstractSaveEventListener.java:513) ~[hibernate-core-6.4.1.Final.jar!/:6.4.1.Final]
	at org.hibernate.event.internal.AbstractSaveEventListener.performSaveOrReplicate(AbstractSaveEventListener.java:312) ~[hibernate-core-6.4.1.Final.jar!/:6.4.1.Final]
	at org.hibernate.event.internal.AbstractSaveEventListener.performSave(AbstractSaveEventListener.java:219) ~[hibernate-core-6.4.1.Final.jar!/:6.4.1.Final]
	at org.hibernate.event.internal.AbstractSaveEventListener.saveWithGeneratedId(AbstractSaveEventListener.java:134) ~[hibernate-core-6.4.1.Final.jar!/:6.4.1.Final]
	at org.hibernate.event.internal.DefaultPersistEventListener.entityIsTransient(DefaultPersistEventListener.java:175) ~[hibernate-core-6.4.1.Final.jar!/:6.4.1.Final]
	at org.hibernate.event.internal.DefaultPersistEventListener.persist(DefaultPersistEventListener.java:93) ~[hibernate-core-6.4.1.Final.jar!/:6.4.1.Final]
	at org.hibernate.event.internal.DefaultPersistEventListener.onPersist(DefaultPersistEventListener.java:77) ~[hibernate-core-6.4.1.Final.jar!/:6.4.1.Final]
	at org.hibernate.event.internal.DefaultPersistEventListener.onPersist(DefaultPersistEventListener.java:54) ~[hibernate-core-6.4.1.Final.jar!/:6.4.1.Final]
	at org.hibernate.event.service.internal.EventListenerGroupImpl.fireEventOnEachListener(EventListenerGroupImpl.java:127) ~[hibernate-core-6.4.1.Final.jar!/:6.4.1.Final]
	at org.hibernate.internal.SessionImpl.firePersist(SessionImpl.java:774) ~[hibernate-core-6.4.1.Final.jar!/:6.4.1.Final]
	at org.hibernate.internal.SessionImpl.persist(SessionImpl.java:758) ~[hibernate-core-6.4.1.Final.jar!/:6.4.1.Final]
	at java.base/jdk.internal.reflect.NativeMethodAccessorImpl.invoke0(Native Method) ~[na:na]
	at java.base/jdk.internal.reflect.NativeMethodAccessorImpl.invoke(NativeMethodAccessorImpl.java:77) ~[na:na]
	at java.base/jdk.internal.reflect.DelegatingMethodAccessorImpl.invoke(DelegatingMethodAccessorImpl.java:43) ~[na:na]
	at java.base/java.lang.reflect.Method.invoke(Method.java:568) ~[na:na]
	at org.springframework.orm.jpa.SharedEntityManagerCreator$SharedEntityManagerInvocationHandler.invoke(SharedEntityManagerCreator.java:319) ~[spring-orm-6.1.2.jar!/:6.1.2]
	at jdk.proxy2/jdk.proxy2.$Proxy110.persist(Unknown Source) ~[na:na]
	at org.springframework.data.jpa.repository.support.SimpleJpaRepository.save(SimpleJpaRepository.java:618) ~[spring-data-jpa-3.2.1.jar!/:3.2.1]
	at java.base/jdk.internal.reflect.NativeMethodAccessorImpl.invoke0(Native Method) ~[na:na]
	at java.base/jdk.internal.reflect.NativeMethodAccessorImpl.invoke(NativeMethodAccessorImpl.java:77) ~[na:na]
	at java.base/jdk.internal.reflect.DelegatingMethodAccessorImpl.invoke(DelegatingMethodAccessorImpl.java:43) ~[na:na]
	at java.base/java.lang.reflect.Method.invoke(Method.java:568) ~[na:na]
	at org.springframework.aop.support.AopUtils.invokeJoinpointUsingReflection(AopUtils.java:352) ~[spring-aop-6.1.2.jar!/:6.1.2]
	at org.springframework.data.repository.core.support.RepositoryMethodInvoker$RepositoryFragmentMethodInvoker.lambda$new$0(RepositoryMethodInvoker.java:277) ~[spring-data-commons-3.2.1.jar!/:3.2.1]
	at org.springframework.data.repository.core.support.RepositoryMethodInvoker.doInvoke(RepositoryMethodInvoker.java:170) ~[spring-data-commons-3.2.1.jar!/:3.2.1]
	at org.springframework.data.repository.core.support.RepositoryMethodInvoker.invoke(RepositoryMethodInvoker.java:158) ~[spring-data-commons-3.2.1.jar!/:3.2.1]
	at org.springframework.data.repository.core.support.RepositoryComposition$RepositoryFragments.invoke(RepositoryComposition.java:516) ~[spring-data-commons-3.2.1.jar!/:3.2.1]
	at org.springframework.data.repository.core.support.RepositoryComposition.invoke(RepositoryComposition.java:285) ~[spring-data-commons-3.2.1.jar!/:3.2.1]
	at org.springframework.data.repository.core.support.RepositoryFactorySupport$ImplementationMethodExecutionInterceptor.invoke(RepositoryFactorySupport.java:628) ~[spring-data-commons-3.2.1.jar!/:3.2.1]
	at org.springframework.aop.framework.ReflectiveMethodInvocation.proceed(ReflectiveMethodInvocation.java:184) ~[spring-aop-6.1.2.jar!/:6.1.2]
	at org.springframework.data.repository.core.support.QueryExecutorMethodInterceptor.doInvoke(QueryExecutorMethodInterceptor.java:168) ~[spring-data-commons-3.2.1.jar!/:3.2.1]
	at org.springframework.data.repository.core.support.QueryExecutorMethodInterceptor.invoke(QueryExecutorMethodInterceptor.java:143) ~[spring-data-commons-3.2.1.jar!/:3.2.1]
	at org.springframework.aop.framework.ReflectiveMethodInvocation.proceed(ReflectiveMethodInvocation.java:184) ~[spring-aop-6.1.2.jar!/:6.1.2]
	at org.springframework.data.projection.DefaultMethodInvokingMethodInterceptor.invoke(DefaultMethodInvokingMethodInterceptor.java:70) ~[spring-data-commons-3.2.1.jar!/:3.2.1]
	at org.springframework.aop.framework.ReflectiveMethodInvocation.proceed(ReflectiveMethodInvocation.java:184) ~[spring-aop-6.1.2.jar!/:6.1.2]
	at org.springframework.transaction.interceptor.TransactionInterceptor$1.proceedWithInvocation(TransactionInterceptor.java:123) ~[spring-tx-6.1.2.jar!/:6.1.2]
	at org.springframework.transaction.interceptor.TransactionAspectSupport.invokeWithinTransaction(TransactionAspectSupport.java:385) ~[spring-tx-6.1.2.jar!/:6.1.2]
	at org.springframework.transaction.interceptor.TransactionInterceptor.invoke(TransactionInterceptor.java:119) ~[spring-tx-6.1.2.jar!/:6.1.2]
	at org.springframework.aop.framework.ReflectiveMethodInvocation.proceed(ReflectiveMethodInvocation.java:184) ~[spring-aop-6.1.2.jar!/:6.1.2]
	at org.springframework.dao.support.PersistenceExceptionTranslationInterceptor.invoke(PersistenceExceptionTranslationInterceptor.java:137) ~[spring-tx-6.1.2.jar!/:6.1.2]
	... 35 common frames omitted

2025-12-28T01:00:27.483+05:30  INFO 5196 --- [zavx-ems] [           main] j.LocalContainerEntityManagerFactoryBean : Closing JPA EntityManagerFactory for persistence unit 'default'
2025-12-28T01:00:27.485+05:30  INFO 5196 --- [zavx-ems] [           main] com.zaxxer.hikari.HikariDataSource       : HikariPool-1 - Shutdown initiated...
2025-12-28T01:00:27.489+05:30  INFO 5196 --- [zavx-ems] [           main] com.zaxxer.hikari.HikariDataSource       : HikariPool-1 - Shutdown completed.
